[debug] [2025-04-11T12:31:05.080Z] ----------------------------------------------------------------------
[debug] [2025-04-11T12:31:05.082Z] Command:       /usr/local/bin/node /Users/joelfriis/.npm-global/bin/firebase init
[debug] [2025-04-11T12:31:05.083Z] CLI Version:   14.1.0
[debug] [2025-04-11T12:31:05.083Z] Platform:      darwin
[debug] [2025-04-11T12:31:05.083Z] Node Version:  v22.13.0
[debug] [2025-04-11T12:31:05.083Z] Time:          Fri Apr 11 2025 14:31:05 GMT+0200 (centraleuropeisk sommartid)
[debug] [2025-04-11T12:31:05.083Z] ----------------------------------------------------------------------
[debug] 
[debug] [2025-04-11T12:31:05.090Z] > command requires scopes: ["email","openid","https://www.googleapis.com/auth/cloudplatformprojects.readonly","https://www.googleapis.com/auth/firebase","https://www.googleapis.com/auth/cloud-platform"]
[debug] [2025-04-11T12:31:05.090Z] > authorizing via signed-in user (p.lars.joelfriis@gmail.com)
[info] 
     ######## #### ########  ######## ########     ###     ######  ########
     ##        ##  ##     ## ##       ##     ##  ##   ##  ##       ##
     ######    ##  ########  ######   ########  #########  ######  ######
     ##        ##  ##    ##  ##       ##     ## ##     ##       ## ##
     ##       #### ##     ## ######## ########  ##     ##  ######  ########

You're about to initialize a Firebase project in this directory:

  /Users/joelfriis/Desktop/II1305-SC/backend/app

[info] 
=== Project Setup
[info] 
[info] First, let's associate this project directory with a Firebase project.
[info] You can create multiple project aliases by running firebase use --add, 
[info] but for now we'll just set up a default project.
[info] 
